<?xml version="1.0" encoding="UTF-8"?>
<!-- Generated by org.testng.reporters.JUnitReportReporter -->
<testsuite skipped="0" hostname="Home" name="com.crm.qa.testcases.LoginTest" tests="1" failures="0" timestamp="06 Jul 2018 08:53:41 GMT" time="15.456" errors="0">
  <testcase name="logotest" time="15.456" classname="com.crm.qa.testcases.LoginTest"/>
</testsuite> <!-- com.crm.qa.testcases.LoginTest -->
